16:38:34:489  INFO 5536 --- [main] com.hmall.cart.CartApplication           : Starting CartApplication using Java 11.0.24 on DESKTOP-KLFFBFM with PID 5536 (E:\BaiduNetdiskDownload\0、2024最新SpringCloud微服务开发与实战\SpringCloud微服务—资料\day03-微服务01\资料\hmall\cart-service\target\classes started by husruo in E:\BaiduNetdiskDownload\0、2024最新SpringCloud微服务开发与实战\SpringCloud微服务—资料\day03-微服务01\资料\hmall)
16:38:34:494 DEBUG 5536 --- [main] com.hmall.cart.CartApplication           : Running with Spring Boot v2.7.12, Spring v5.3.27
16:38:34:494  INFO 5536 --- [main] com.hmall.cart.CartApplication           : The following 1 profile is active: "local"
16:38:35:244  INFO 5536 --- [main] .s.d.r.c.RepositoryConfigurationDelegate : Multiple Spring Data modules found, entering strict repository configuration mode
16:38:35:247  INFO 5536 --- [main] .s.d.r.c.RepositoryConfigurationDelegate : Bootstrapping Spring Data Redis repositories in DEFAULT mode.
16:38:35:264  INFO 5536 --- [main] .s.d.r.c.RepositoryConfigurationDelegate : Finished Spring Data repository scanning in 6 ms. Found 0 Redis repository interfaces.
16:38:35:459  INFO 5536 --- [main] o.s.cloud.context.scope.GenericScope     : BeanFactory id=6ac2a980-ee02-3b51-a32a-2e5e7dd897d2
16:38:35:741  INFO 5536 --- [main] o.s.b.w.embedded.tomcat.TomcatWebServer  : Tomcat initialized with port(s): 8082 (http)
16:38:35:749  INFO 5536 --- [main] o.apache.catalina.core.StandardService   : Starting service [Tomcat]
16:38:35:749  INFO 5536 --- [main] org.apache.catalina.core.StandardEngine  : Starting Servlet engine: [Apache Tomcat/9.0.75]
16:38:35:874  INFO 5536 --- [main] o.a.c.c.C.[Tomcat].[localhost].[/]       : Initializing Spring embedded WebApplicationContext
16:38:35:874  INFO 5536 --- [main] w.s.c.ServletWebServerApplicationContext : Root WebApplicationContext: initialization completed in 1343 ms
16:38:36:063  INFO 5536 --- [main] o.s.c.openfeign.FeignClientFactoryBean   : For 'item-service' URL not provided. Will try picking an instance via load-balancing.
16:38:37:181  INFO 5536 --- [main] pertySourcedRequestMappingHandlerMapping : Mapped URL path [/v2/api-docs] onto method [springfox.documentation.swagger2.web.Swagger2ControllerWebMvc#getDocumentation(String, HttpServletRequest)]
16:38:37:661  INFO 5536 --- [main] com.alibaba.nacos.common.remote.client   : [RpcClientFactory] create a new rpc client of c10a0513-d5d0-4353-9958-2a4577d30e10
16:38:37:694  INFO 5536 --- [main] org.reflections.Reflections              : Reflections took 19 ms to scan 1 urls, producing 3 keys and 6 values 
16:38:37:712  INFO 5536 --- [main] org.reflections.Reflections              : Reflections took 7 ms to scan 1 urls, producing 4 keys and 9 values 
16:38:37:721  INFO 5536 --- [main] org.reflections.Reflections              : Reflections took 7 ms to scan 1 urls, producing 3 keys and 10 values 
16:38:37:724  WARN 5536 --- [main] org.reflections.Reflections              : given scan urls are empty. set urls in the configuration
16:38:37:731  INFO 5536 --- [main] org.reflections.Reflections              : Reflections took 7 ms to scan 1 urls, producing 1 keys and 5 values 
16:38:37:740  INFO 5536 --- [main] org.reflections.Reflections              : Reflections took 7 ms to scan 1 urls, producing 1 keys and 7 values 
16:38:37:748  INFO 5536 --- [main] org.reflections.Reflections              : Reflections took 7 ms to scan 1 urls, producing 2 keys and 8 values 
16:38:37:750  WARN 5536 --- [main] org.reflections.Reflections              : given scan urls are empty. set urls in the configuration
16:38:37:751  INFO 5536 --- [main] com.alibaba.nacos.common.remote.client   : [c10a0513-d5d0-4353-9958-2a4577d30e10] RpcClient init label, labels = {module=naming, source=sdk}
16:38:37:752  INFO 5536 --- [main] com.alibaba.nacos.common.remote.client   : [c10a0513-d5d0-4353-9958-2a4577d30e10] RpcClient init, ServerListFactory = com.alibaba.nacos.client.naming.core.ServerListManager
16:38:37:752  INFO 5536 --- [main] com.alibaba.nacos.common.remote.client   : [c10a0513-d5d0-4353-9958-2a4577d30e10] Registry connection listener to current client:com.alibaba.nacos.client.naming.remote.gprc.redo.NamingGrpcRedoService
16:38:37:753  INFO 5536 --- [main] com.alibaba.nacos.common.remote.client   : [c10a0513-d5d0-4353-9958-2a4577d30e10] Register server push request handler:com.alibaba.nacos.client.naming.remote.gprc.NamingPushRequestHandler
16:38:37:754  INFO 5536 --- [main] com.alibaba.nacos.common.remote.client   : [c10a0513-d5d0-4353-9958-2a4577d30e10] Try to connect to server on start up, server: {serverIp = '47.108.113.198', server main port = 8848}
16:38:38:544  INFO 5536 --- [main] com.alibaba.nacos.common.remote.client   : [c10a0513-d5d0-4353-9958-2a4577d30e10] Success to connect to server [47.108.113.198:8848] on start up, connectionId = 1729759119098_183.230.12.219_9216
16:38:38:544  INFO 5536 --- [com.alibaba.nacos.client.remote.worker] com.alibaba.nacos.common.remote.client   : [c10a0513-d5d0-4353-9958-2a4577d30e10] Notify connected event to listeners.
16:38:38:545  INFO 5536 --- [main] com.alibaba.nacos.common.remote.client   : [c10a0513-d5d0-4353-9958-2a4577d30e10] Register server push request handler:com.alibaba.nacos.common.remote.client.RpcClient$ConnectResetRequestHandler
16:38:38:547  INFO 5536 --- [main] com.alibaba.nacos.common.remote.client   : [c10a0513-d5d0-4353-9958-2a4577d30e10] Register server push request handler:com.alibaba.nacos.common.remote.client.RpcClient$$Lambda$1127/0x000000084074e040
16:38:38:607  INFO 5536 --- [main] o.s.b.w.embedded.tomcat.TomcatWebServer  : Tomcat started on port(s): 8082 (http) with context path ''
16:38:38:626  INFO 5536 --- [main] c.a.c.n.registry.NacosServiceRegistry    : nacos registry, DEFAULT_GROUP cart-service 10.16.98.78:8082 register finished
16:38:38:725  INFO 5536 --- [main] d.s.w.p.DocumentationPluginsBootstrapper : Documentation plugins bootstrapped
16:38:38:728  INFO 5536 --- [main] d.s.w.p.DocumentationPluginsBootstrapper : Found 1 custom documentation plugin(s)
16:38:38:748  INFO 5536 --- [main] s.d.s.w.s.ApiListingReferenceScanner     : Scanning for api listing references
16:38:38:821  INFO 5536 --- [main] com.hmall.cart.CartApplication           : Started CartApplication in 5.019 seconds (JVM running for 5.716)
16:38:39:140  INFO 5536 --- [nacos-grpc-client-executor-9] com.alibaba.nacos.common.remote.client   : [c10a0513-d5d0-4353-9958-2a4577d30e10] Receive server push request, request = NotifySubscriberRequest, requestId = 5
16:38:39:142  INFO 5536 --- [nacos-grpc-client-executor-9] com.alibaba.nacos.common.remote.client   : [c10a0513-d5d0-4353-9958-2a4577d30e10] Ack server push request, request = NotifySubscriberRequest, requestId = 5
16:45:38:407  WARN 5536 --- [Thread-7] c.a.n.common.http.HttpClientBeanHolder   : [HttpClientBeanHolder] Start destroying common HttpClient
16:45:38:407  WARN 5536 --- [Thread-4] c.a.nacos.common.notify.NotifyCenter     : [NotifyCenter] Start destroying Publisher
16:45:38:407  WARN 5536 --- [Thread-4] c.a.nacos.common.notify.NotifyCenter     : [NotifyCenter] Destruction of the end
16:45:38:408  WARN 5536 --- [Thread-7] c.a.n.common.http.HttpClientBeanHolder   : [HttpClientBeanHolder] Destruction of the end
16:45:38:569  INFO 5536 --- [SpringApplicationShutdownHook] c.a.c.n.registry.NacosServiceRegistry    : De-registering from Nacos Server now...
16:45:38:585  INFO 5536 --- [SpringApplicationShutdownHook] c.a.c.n.registry.NacosServiceRegistry    : De-registration finished.
16:45:38:899  INFO 5536 --- [SpringApplicationShutdownHook] com.alibaba.nacos.common.remote.client   : Shutdown rpc client, set status to shutdown
16:45:38:899  INFO 5536 --- [SpringApplicationShutdownHook] com.alibaba.nacos.common.remote.client   : Shutdown client event executor java.util.concurrent.ScheduledThreadPoolExecutor@737b592[Running, pool size = 2, active threads = 2, queued tasks = 0, completed tasks = 0]
16:45:38:899  INFO 5536 --- [SpringApplicationShutdownHook] com.alibaba.nacos.common.remote.client   : Close current connection 1729759119098_183.230.12.219_9216
16:45:38:903  INFO 5536 --- [SpringApplicationShutdownHook] c.a.n.c.remote.client.grpc.GrpcClient    : Shutdown grpc executor java.util.concurrent.ThreadPoolExecutor@970b506[Running, pool size = 5, active threads = 0, queued tasks = 0, completed tasks = 102]
