16:38:31:040  INFO 1580 --- [main] com.hmall.item.ItemApplication           : Starting ItemApplication using Java 11.0.24 on DESKTOP-KLFFBFM with PID 1580 (E:\BaiduNetdiskDownload\0、2024最新SpringCloud微服务开发与实战\SpringCloud微服务—资料\day03-微服务01\资料\hmall\item-service\target\classes started by husruo in E:\BaiduNetdiskDownload\0、2024最新SpringCloud微服务开发与实战\SpringCloud微服务—资料\day03-微服务01\资料\hmall)
16:38:31:044 DEBUG 1580 --- [main] com.hmall.item.ItemApplication           : Running with Spring Boot v2.7.12, Spring v5.3.27
16:38:31:044  INFO 1580 --- [main] com.hmall.item.ItemApplication           : The following 1 profile is active: "local"
16:38:31:999  INFO 1580 --- [main] .s.d.r.c.RepositoryConfigurationDelegate : Multiple Spring Data modules found, entering strict repository configuration mode
16:38:32:001  INFO 1580 --- [main] .s.d.r.c.RepositoryConfigurationDelegate : Bootstrapping Spring Data Redis repositories in DEFAULT mode.
16:38:32:023  INFO 1580 --- [main] .s.d.r.c.RepositoryConfigurationDelegate : Finished Spring Data repository scanning in 8 ms. Found 0 Redis repository interfaces.
16:38:32:252  INFO 1580 --- [main] o.s.cloud.context.scope.GenericScope     : BeanFactory id=35096955-90f9-3b92-9807-0bc4395a4e60
16:38:32:623  INFO 1580 --- [main] o.s.b.w.embedded.tomcat.TomcatWebServer  : Tomcat initialized with port(s): 8081 (http)
16:38:32:650  INFO 1580 --- [main] o.apache.catalina.core.StandardService   : Starting service [Tomcat]
16:38:32:651  INFO 1580 --- [main] org.apache.catalina.core.StandardEngine  : Starting Servlet engine: [Apache Tomcat/9.0.75]
16:38:32:834  INFO 1580 --- [main] o.a.c.c.C.[Tomcat].[localhost].[/]       : Initializing Spring embedded WebApplicationContext
16:38:32:834  INFO 1580 --- [main] w.s.c.ServletWebServerApplicationContext : Root WebApplicationContext: initialization completed in 1748 ms
16:38:34:207  INFO 1580 --- [main] pertySourcedRequestMappingHandlerMapping : Mapped URL path [/v2/api-docs] onto method [springfox.documentation.swagger2.web.Swagger2ControllerWebMvc#getDocumentation(String, HttpServletRequest)]
16:38:34:920  INFO 1580 --- [main] com.alibaba.nacos.common.remote.client   : [RpcClientFactory] create a new rpc client of 527e0bcf-e71c-41cd-a578-43af7d9b60db
16:38:34:957  INFO 1580 --- [main] org.reflections.Reflections              : Reflections took 20 ms to scan 1 urls, producing 3 keys and 6 values 
16:38:34:979  INFO 1580 --- [main] org.reflections.Reflections              : Reflections took 9 ms to scan 1 urls, producing 4 keys and 9 values 
16:38:34:989  INFO 1580 --- [main] org.reflections.Reflections              : Reflections took 7 ms to scan 1 urls, producing 3 keys and 10 values 
16:38:34:992  WARN 1580 --- [main] org.reflections.Reflections              : given scan urls are empty. set urls in the configuration
16:38:34:999  INFO 1580 --- [main] org.reflections.Reflections              : Reflections took 7 ms to scan 1 urls, producing 1 keys and 5 values 
16:38:35:009  INFO 1580 --- [main] org.reflections.Reflections              : Reflections took 7 ms to scan 1 urls, producing 1 keys and 7 values 
16:38:35:018  INFO 1580 --- [main] org.reflections.Reflections              : Reflections took 7 ms to scan 1 urls, producing 2 keys and 8 values 
16:38:35:020  WARN 1580 --- [main] org.reflections.Reflections              : given scan urls are empty. set urls in the configuration
16:38:35:020  INFO 1580 --- [main] com.alibaba.nacos.common.remote.client   : [527e0bcf-e71c-41cd-a578-43af7d9b60db] RpcClient init label, labels = {module=naming, source=sdk}
16:38:35:022  INFO 1580 --- [main] com.alibaba.nacos.common.remote.client   : [527e0bcf-e71c-41cd-a578-43af7d9b60db] RpcClient init, ServerListFactory = com.alibaba.nacos.client.naming.core.ServerListManager
16:38:35:022  INFO 1580 --- [main] com.alibaba.nacos.common.remote.client   : [527e0bcf-e71c-41cd-a578-43af7d9b60db] Registry connection listener to current client:com.alibaba.nacos.client.naming.remote.gprc.redo.NamingGrpcRedoService
16:38:35:023  INFO 1580 --- [main] com.alibaba.nacos.common.remote.client   : [527e0bcf-e71c-41cd-a578-43af7d9b60db] Register server push request handler:com.alibaba.nacos.client.naming.remote.gprc.NamingPushRequestHandler
16:38:35:024  INFO 1580 --- [main] com.alibaba.nacos.common.remote.client   : [527e0bcf-e71c-41cd-a578-43af7d9b60db] Try to connect to server on start up, server: {serverIp = '47.108.113.198', server main port = 8848}
16:38:35:937  INFO 1580 --- [main] com.alibaba.nacos.common.remote.client   : [527e0bcf-e71c-41cd-a578-43af7d9b60db] Success to connect to server [47.108.113.198:8848] on start up, connectionId = 1729759116459_183.230.12.219_9279
16:38:35:937  INFO 1580 --- [com.alibaba.nacos.client.remote.worker] com.alibaba.nacos.common.remote.client   : [527e0bcf-e71c-41cd-a578-43af7d9b60db] Notify connected event to listeners.
16:38:35:938  INFO 1580 --- [main] com.alibaba.nacos.common.remote.client   : [527e0bcf-e71c-41cd-a578-43af7d9b60db] Register server push request handler:com.alibaba.nacos.common.remote.client.RpcClient$ConnectResetRequestHandler
16:38:35:939  INFO 1580 --- [main] com.alibaba.nacos.common.remote.client   : [527e0bcf-e71c-41cd-a578-43af7d9b60db] Register server push request handler:com.alibaba.nacos.common.remote.client.RpcClient$$Lambda$1074/0x00000008406f6040
16:38:36:039  INFO 1580 --- [main] o.s.b.w.embedded.tomcat.TomcatWebServer  : Tomcat started on port(s): 8081 (http) with context path ''
16:38:36:080  INFO 1580 --- [main] c.a.c.n.registry.NacosServiceRegistry    : nacos registry, DEFAULT_GROUP item-service 10.16.98.78:8081 register finished
16:38:36:189  INFO 1580 --- [main] d.s.w.p.DocumentationPluginsBootstrapper : Documentation plugins bootstrapped
16:38:36:191  INFO 1580 --- [main] d.s.w.p.DocumentationPluginsBootstrapper : Found 1 custom documentation plugin(s)
16:38:36:229  INFO 1580 --- [main] s.d.s.w.s.ApiListingReferenceScanner     : Scanning for api listing references
16:38:36:335  INFO 1580 --- [main] com.hmall.item.ItemApplication           : Started ItemApplication in 5.897 seconds (JVM running for 6.612)
16:38:36:544  INFO 1580 --- [nacos-grpc-client-executor-9] com.alibaba.nacos.common.remote.client   : [527e0bcf-e71c-41cd-a578-43af7d9b60db] Receive server push request, request = NotifySubscriberRequest, requestId = 4
16:38:36:548  INFO 1580 --- [nacos-grpc-client-executor-9] com.alibaba.nacos.common.remote.client   : [527e0bcf-e71c-41cd-a578-43af7d9b60db] Ack server push request, request = NotifySubscriberRequest, requestId = 4
16:45:16:111  INFO 1580 --- [http-nio-8081-exec-1] o.a.c.c.C.[Tomcat].[localhost].[/]       : Initializing Spring DispatcherServlet 'dispatcherServlet'
16:45:16:111  INFO 1580 --- [http-nio-8081-exec-1] o.s.web.servlet.DispatcherServlet        : Initializing Servlet 'dispatcherServlet'
16:45:16:113  INFO 1580 --- [http-nio-8081-exec-1] o.s.web.servlet.DispatcherServlet        : Completed initialization in 1 ms
16:45:16:213  INFO 1580 --- [http-nio-8081-exec-1] com.zaxxer.hikari.HikariDataSource       : HikariPool-1 - Starting...
16:45:16:566  INFO 1580 --- [http-nio-8081-exec-1] com.zaxxer.hikari.HikariDataSource       : HikariPool-1 - Start completed.
16:45:16:572 DEBUG 1580 --- [http-nio-8081-exec-1] c.h.i.m.ItemMapper.selectPage_mpCount    : ==>  Preparing: SELECT COUNT(*) FROM item
16:45:16:588 DEBUG 1580 --- [http-nio-8081-exec-1] c.h.i.m.ItemMapper.selectPage_mpCount    : ==> Parameters: 
16:45:17:077 DEBUG 1580 --- [http-nio-8081-exec-1] c.h.i.m.ItemMapper.selectPage_mpCount    : <==      Total: 1
16:45:17:091 DEBUG 1580 --- [http-nio-8081-exec-1] c.h.item.mapper.ItemMapper.selectPage    : ==>  Preparing: SELECT id, name, price, stock, image, category, brand, spec, sold, comment_count, isAD, status, create_time, update_time, creater, updater FROM item ORDER BY update_time DESC LIMIT ?
16:45:17:092 DEBUG 1580 --- [http-nio-8081-exec-1] c.h.item.mapper.ItemMapper.selectPage    : ==> Parameters: 20(Long)
16:45:17:376 DEBUG 1580 --- [http-nio-8081-exec-1] c.h.item.mapper.ItemMapper.selectPage    : <==      Total: 20
16:45:38:336  WARN 1580 --- [Thread-7] c.a.n.common.http.HttpClientBeanHolder   : [HttpClientBeanHolder] Start destroying common HttpClient
16:45:38:336  WARN 1580 --- [Thread-4] c.a.nacos.common.notify.NotifyCenter     : [NotifyCenter] Start destroying Publisher
16:45:38:336  WARN 1580 --- [Thread-4] c.a.nacos.common.notify.NotifyCenter     : [NotifyCenter] Destruction of the end
16:45:38:337  WARN 1580 --- [Thread-7] c.a.n.common.http.HttpClientBeanHolder   : [HttpClientBeanHolder] Destruction of the end
16:45:38:501  INFO 1580 --- [SpringApplicationShutdownHook] c.a.c.n.registry.NacosServiceRegistry    : De-registering from Nacos Server now...
16:45:38:553  INFO 1580 --- [SpringApplicationShutdownHook] c.a.c.n.registry.NacosServiceRegistry    : De-registration finished.
16:45:38:869  INFO 1580 --- [SpringApplicationShutdownHook] com.alibaba.nacos.common.remote.client   : Shutdown rpc client, set status to shutdown
16:45:38:869  INFO 1580 --- [SpringApplicationShutdownHook] com.alibaba.nacos.common.remote.client   : Shutdown client event executor java.util.concurrent.ScheduledThreadPoolExecutor@6a3b2058[Running, pool size = 2, active threads = 2, queued tasks = 0, completed tasks = 0]
16:45:38:869  INFO 1580 --- [SpringApplicationShutdownHook] com.alibaba.nacos.common.remote.client   : Close current connection 1729759116459_183.230.12.219_9279
16:45:38:873  INFO 1580 --- [SpringApplicationShutdownHook] c.a.n.c.remote.client.grpc.GrpcClient    : Shutdown grpc executor java.util.concurrent.ThreadPoolExecutor@516d4c51[Running, pool size = 4, active threads = 0, queued tasks = 0, completed tasks = 102]
16:45:38:877  INFO 1580 --- [SpringApplicationShutdownHook] com.zaxxer.hikari.HikariDataSource       : HikariPool-1 - Shutdown initiated...
16:45:39:297  INFO 1580 --- [SpringApplicationShutdownHook] com.zaxxer.hikari.HikariDataSource       : HikariPool-1 - Shutdown completed.
